=== RUN   TestSuite
=== RUN   TestSuite/TestPublishAndListen_ConcurrentLockRenewal
    suite_test.go:141: topic created: 0x140002c6dc0
    suite_test.go:159: subscription created: 0x140002c6fa0
    e2e_test.go:42: creating sender...
    e2e_test.go:45: sending message...
    e2e_test.go:26: creating receiver...
    e2e_test.go:36: start processor...
2024/06/04 13:08:03 INFO starting processor receiver
    e2e_test.go:51: message 0 sent...
    e2e_test.go:51: message 1 sent...
    e2e_test.go:51: message 2 sent...
    e2e_test.go:51: message 3 sent...
    e2e_test.go:51: message 4 sent...
2024/06/04 13:08:03 INFO processor receiver received 2 messages - initial
    e2e_test.go:64: Processing message.
         Delivery Count: 1
    e2e_test.go:65: ID: 4a37e9a426ee4f9286513be7738160ee - Locked Until: 2024-06-04 20:08:13.928 +0000 UTC
    e2e_test.go:66: sleeping...
    e2e_test.go:68: current send count: 1
    e2e_test.go:64: Processing message.
         Delivery Count: 1
    e2e_test.go:65: ID: 3228a09fd9c646ff9238cb1c59c93baf - Locked Until: 2024-06-04 20:08:13.928 +0000 UTC
    e2e_test.go:66: sleeping...
    e2e_test.go:68: current send count: 2
    e2e_test.go:51: message 5 sent...
    e2e_test.go:51: message 6 sent...
    e2e_test.go:51: message 7 sent...
    e2e_test.go:51: message 8 sent...
    e2e_test.go:51: message 9 sent...
    e2e_test.go:51: message 10 sent...
    e2e_test.go:51: message 11 sent...
    e2e_test.go:51: message 12 sent...
    e2e_test.go:51: message 13 sent...
    e2e_test.go:51: message 14 sent...
    e2e_test.go:51: message 15 sent...
    e2e_test.go:51: message 16 sent...
    e2e_test.go:51: message 17 sent...
    e2e_test.go:51: message 18 sent...
    e2e_test.go:51: message 19 sent...
    e2e_test.go:51: message 20 sent...
    e2e_test.go:51: message 21 sent...
    e2e_test.go:51: message 22 sent...
    e2e_test.go:51: message 23 sent...
    e2e_test.go:51: message 24 sent...
2024/06/04 13:08:04 INFO processor receiver received 22 messages from processor loop
    e2e_test.go:64: Processing message.
         Delivery Count: 1
    e2e_test.go:65: ID: d7995d2c9396454ea712352d3a5f8b3c - Locked Until: 2024-06-04 20:08:14.975 +0000 UTC
    e2e_test.go:66: sleeping...
    e2e_test.go:68: current send count: 3
    e2e_test.go:64: Processing message.
         Delivery Count: 1
    e2e_test.go:65: ID: fff1cee3d1d340539012f55641769cf3 - Locked Until: 2024-06-04 20:08:14.975 +0000 UTC
    e2e_test.go:64: Processing message.
         Delivery Count: 1
    e2e_test.go:64: Processing message.
         Delivery Count: 1
    e2e_test.go:65: ID: 6566837b2ba04d84a81b622c2adedf35 - Locked Until: 2024-06-04 20:08:14.975 +0000 UTC
    e2e_test.go:66: sleeping...
    e2e_test.go:68: current send count: 4
    e2e_test.go:64: Processing message.
         Delivery Count: 1
    e2e_test.go:65: ID: 97274cec94e04ccfb28563fbf4cb72fe - Locked Until: 2024-06-04 20:08:14.975 +0000 UTC
    e2e_test.go:66: sleeping...
    e2e_test.go:68: current send count: 5
    e2e_test.go:64: Processing message.
         Delivery Count: 1
    e2e_test.go:64: Processing message.
         Delivery Count: 1
    e2e_test.go:64: Processing message.
         Delivery Count: 1
    e2e_test.go:64: Processing message.
         Delivery Count: 1
    e2e_test.go:65: ID: f464b6c43c044fa5a6c7c0582c961966 - Locked Until: 2024-06-04 20:08:14.975 +0000 UTC
    e2e_test.go:66: sleeping...
    e2e_test.go:68: current send count: 6
    e2e_test.go:65: ID: 4c764636b1b94ddabbc97298957c170f - Locked Until: 2024-06-04 20:08:14.975 +0000 UTC
    e2e_test.go:66: sleeping...
    e2e_test.go:68: current send count: 7
    e2e_test.go:66: sleeping...
    e2e_test.go:68: current send count: 8
    e2e_test.go:65: ID: 9b783a258e06462e8f5bfeec40f1b52b - Locked Until: 2024-06-04 20:08:14.975 +0000 UTC
    e2e_test.go:66: sleeping...
    e2e_test.go:68: current send count: 9
    e2e_test.go:65: ID: b43491cff9d04d7ab4e0094a6ab68449 - Locked Until: 2024-06-04 20:08:14.975 +0000 UTC
    e2e_test.go:66: sleeping...
    e2e_test.go:68: current send count: 10
    e2e_test.go:64: Processing message.
         Delivery Count: 1
    e2e_test.go:65: ID: 9657cd35108a46cb889a4b5d140b3139 - Locked Until: 2024-06-04 20:08:14.975 +0000 UTC
    e2e_test.go:66: sleeping...
    e2e_test.go:68: current send count: 11
    e2e_test.go:64: Processing message.
         Delivery Count: 1
    e2e_test.go:65: ID: 1090566dc96f49fb8132713056da9f8d - Locked Until: 2024-06-04 20:08:14.975 +0000 UTC
    e2e_test.go:66: sleeping...
    e2e_test.go:68: current send count: 12
    e2e_test.go:64: Processing message.
         Delivery Count: 1
    e2e_test.go:65: ID: 0016b6ca74ed4911935d9e1ddf9d1b47 - Locked Until: 2024-06-04 20:08:14.975 +0000 UTC
    e2e_test.go:66: sleeping...
    e2e_test.go:68: current send count: 13
    e2e_test.go:64: Processing message.
         Delivery Count: 1
    e2e_test.go:65: ID: 069b7aa92770490985fc274296b6d62a - Locked Until: 2024-06-04 20:08:14.975 +0000 UTC
    e2e_test.go:66: sleeping...
    e2e_test.go:68: current send count: 14
    e2e_test.go:64: Processing message.
         Delivery Count: 1
    e2e_test.go:65: ID: abda786f89574a84a8e98e51d530150c - Locked Until: 2024-06-04 20:08:14.975 +0000 UTC
    e2e_test.go:66: sleeping...
    e2e_test.go:68: current send count: 15
    e2e_test.go:64: Processing message.
         Delivery Count: 1
    e2e_test.go:65: ID: baab7659482949298dfc3333f8593e3d - Locked Until: 2024-06-04 20:08:14.975 +0000 UTC
    e2e_test.go:66: sleeping...
    e2e_test.go:68: current send count: 16
    e2e_test.go:64: Processing message.
         Delivery Count: 1
    e2e_test.go:65: ID: 5deb03fe2a2c4632ade54950158175d8 - Locked Until: 2024-06-04 20:08:14.975 +0000 UTC
    e2e_test.go:66: sleeping...
    e2e_test.go:68: current send count: 17
    e2e_test.go:64: Processing message.
         Delivery Count: 1
    e2e_test.go:65: ID: b998002f108e45ecac65012540be48fa - Locked Until: 2024-06-04 20:08:14.975 +0000 UTC
    e2e_test.go:66: sleeping...
    e2e_test.go:68: current send count: 18
    e2e_test.go:64: Processing message.
         Delivery Count: 1
    e2e_test.go:65: ID: 61cba6b0572a4c0a8f1b98f93a333027 - Locked Until: 2024-06-04 20:08:14.975 +0000 UTC
    e2e_test.go:66: sleeping...
    e2e_test.go:68: current send count: 19
    e2e_test.go:64: Processing message.
         Delivery Count: 1
    e2e_test.go:65: ID: eb8c5533579447e88e57edbc6b2372d8 - Locked Until: 2024-06-04 20:08:14.975 +0000 UTC
    e2e_test.go:66: sleeping...
    e2e_test.go:68: current send count: 20
    e2e_test.go:64: Processing message.
         Delivery Count: 1
    e2e_test.go:65: ID: 8a010b22fd2d4ee8b24183cb25695e42 - Locked Until: 2024-06-04 20:08:14.975 +0000 UTC
    e2e_test.go:66: sleeping...
    e2e_test.go:68: current send count: 21
    e2e_test.go:64: Processing message.
         Delivery Count: 1
    e2e_test.go:65: ID: f55bb8d1486c42b9a856c2aa6663b54f - Locked Until: 2024-06-04 20:08:14.975 +0000 UTC
    e2e_test.go:66: sleeping...
    e2e_test.go:68: current send count: 22
    e2e_test.go:65: ID: fcf4aeac3b5849f08c44068c59c6c293 - Locked Until: 2024-06-04 20:08:14.975 +0000 UTC
    e2e_test.go:66: sleeping...
    e2e_test.go:68: current send count: 23
    e2e_test.go:64: Processing message.
         Delivery Count: 1
    e2e_test.go:65: ID: c9f18c3fbc7f4a98a485a0254f88e7b5 - Locked Until: 2024-06-04 20:08:14.975 +0000 UTC
    e2e_test.go:66: sleeping...
    e2e_test.go:68: current send count: 24
2024/06/04 13:08:05 INFO renewing lock
2024/06/04 13:08:05 INFO renewing lock
2024/06/04 13:08:05 INFO processor receiver received 1 messages from processor loop
    e2e_test.go:64: Processing message.
         Delivery Count: 1
    e2e_test.go:65: ID: 87a39a3b30b94cd6889e745637d9bc51 - Locked Until: 2024-06-04 20:08:16.022 +0000 UTC
    e2e_test.go:66: sleeping...
    e2e_test.go:68: current send count: 25
2024/06/04 13:08:06 INFO renewing lock
2024/06/04 13:08:06 INFO renewing lock
2024/06/04 13:08:06 INFO renewing lock
2024/06/04 13:08:06 INFO renewing lock
2024/06/04 13:08:06 INFO renewing lock
2024/06/04 13:08:06 INFO renewing lock
2024/06/04 13:08:06 INFO renewing lock
2024/06/04 13:08:06 INFO renewing lock
2024/06/04 13:08:06 INFO renewing lock
2024/06/04 13:08:06 INFO renewing lock
2024/06/04 13:08:06 INFO renewing lock
2024/06/04 13:08:06 INFO renewing lock
2024/06/04 13:08:06 INFO renewing lock
2024/06/04 13:08:06 INFO renewing lock
2024/06/04 13:08:06 INFO renewing lock
2024/06/04 13:08:06 INFO renewing lock
2024/06/04 13:08:06 INFO renewing lock
2024/06/04 13:08:06 INFO renewing lock
2024/06/04 13:08:06 INFO renewing lock
2024/06/04 13:08:06 INFO renewing lock
2024/06/04 13:08:06 INFO renewing lock
2024/06/04 13:08:06 INFO renewing lock
2024/06/04 13:08:07 INFO renewing lock
2024/06/04 13:08:07 INFO renewing lock
2024/06/04 13:08:07 INFO renewing lock
2024/06/04 13:08:08 INFO renewing lock
2024/06/04 13:08:08 INFO renewing lock
2024/06/04 13:08:08 INFO renewing lock
2024/06/04 13:08:08 INFO renewing lock
2024/06/04 13:08:08 INFO renewing lock
2024/06/04 13:08:08 INFO renewing lock
2024/06/04 13:08:08 INFO renewing lock
2024/06/04 13:08:08 INFO renewing lock
2024/06/04 13:08:08 INFO renewing lock
2024/06/04 13:08:08 INFO renewing lock
2024/06/04 13:08:08 INFO renewing lock
2024/06/04 13:08:08 INFO renewing lock
2024/06/04 13:08:08 INFO renewing lock
2024/06/04 13:08:08 INFO renewing lock
2024/06/04 13:08:08 INFO renewing lock
2024/06/04 13:08:08 INFO renewing lock
2024/06/04 13:08:08 INFO renewing lock
2024/06/04 13:08:08 INFO renewing lock
2024/06/04 13:08:08 INFO renewing lock
2024/06/04 13:08:08 INFO renewing lock
2024/06/04 13:08:08 INFO renewing lock
2024/06/04 13:08:08 INFO renewing lock
2024/06/04 13:08:09 INFO renewing lock
2024/06/04 13:08:09 INFO renewing lock
2024/06/04 13:08:09 INFO renewing lock
2024/06/04 13:08:11 INFO renewing lock
2024/06/04 13:08:11 INFO renewing lock
2024/06/04 13:08:11 INFO renewing lock
2024/06/04 13:08:11 INFO renewing lock
2024/06/04 13:08:11 INFO renewing lock
2024/06/04 13:08:11 INFO renewing lock
2024/06/04 13:08:11 INFO renewing lock
2024/06/04 13:08:11 INFO renewing lock
2024/06/04 13:08:11 INFO renewing lock
2024/06/04 13:08:11 INFO renewing lock
2024/06/04 13:08:11 INFO renewing lock
2024/06/04 13:08:11 INFO renewing lock
2024/06/04 13:08:11 INFO renewing lock
2024/06/04 13:08:11 INFO renewing lock
2024/06/04 13:08:11 INFO renewing lock
2024/06/04 13:08:11 INFO renewing lock
2024/06/04 13:08:11 INFO renewing lock
2024/06/04 13:08:11 INFO renewing lock
2024/06/04 13:08:11 INFO renewing lock
2024/06/04 13:08:11 INFO renewing lock
2024/06/04 13:08:11 INFO renewing lock
2024/06/04 13:08:11 INFO renewing lock
2024/06/04 13:08:11 INFO renewing lock
2024/06/04 13:08:11 INFO renewing lock
2024/06/04 13:08:12 INFO renewing lock
2024/06/04 13:08:13 INFO renewing lock
2024/06/04 13:08:13 INFO renewing lock
2024/06/04 13:08:13 INFO renewing lock
2024/06/04 13:08:13 INFO renewing lock
2024/06/04 13:08:13 INFO renewing lock
2024/06/04 13:08:13 INFO renewing lock
2024/06/04 13:08:13 INFO renewing lock
2024/06/04 13:08:13 INFO renewing lock
2024/06/04 13:08:13 INFO renewing lock
2024/06/04 13:08:13 INFO renewing lock
2024/06/04 13:08:13 INFO renewing lock
2024/06/04 13:08:13 INFO renewing lock
2024/06/04 13:08:13 INFO renewing lock
2024/06/04 13:08:13 INFO renewing lock
2024/06/04 13:08:13 INFO renewing lock
2024/06/04 13:08:13 INFO renewing lock
2024/06/04 13:08:13 INFO renewing lock
2024/06/04 13:08:13 INFO renewing lock
2024/06/04 13:08:13 INFO renewing lock
2024/06/04 13:08:13 INFO renewing lock
2024/06/04 13:08:13 INFO renewing lock
2024/06/04 13:08:13 INFO renewing lock
    e2e_test.go:73: completing message...
2024/06/04 13:08:13 ERROR complete settlement failed: context canceled
2024/06/04 13:08:13 INFO canceling message context
2024/06/04 13:08:13 INFO stopped periodic renewal
--- PASS: TestSuite/TestPublishAndListen_ConcurrentLockRenewal (14.07s)
2024/06/04 13:08:13 INFO context done: stopping periodic renewal
2024/06/04 13:08:13 INFO canceling message context
2024/06/04 13:08:13 INFO stopped periodic renewal
2024/06/04 13:08:13 INFO context done, stop receiving from processor receiver
2024/06/04 13:08:13 INFO exiting processor receiver
2024/06/04 13:08:13 ERROR processor receiver start attempt 0 failed: processor receiver stopped: context canceled
2024/06/04 13:08:13 INFO context done: stopping periodic renewal
2024/06/04 13:08:13 INFO canceling message context
2024/06/04 13:08:13 INFO stopped periodic renewal
2024/06/04 13:08:13 INFO context done: stopping periodic renewal
2024/06/04 13:08:13 INFO canceling message context
2024/06/04 13:08:13 INFO stopped periodic renewal
2024/06/04 13:08:13 INFO context done: stopping periodic renewal
2024/06/04 13:08:13 INFO canceling message context
2024/06/04 13:08:13 INFO stopped periodic renewal
2024/06/04 13:08:13 INFO context done: stopping periodic renewal
2024/06/04 13:08:13 INFO canceling message context
2024/06/04 13:08:13 INFO stopped periodic renewal
2024/06/04 13:08:13 INFO context done: stopping periodic renewal
2024/06/04 13:08:13 INFO canceling message context
2024/06/04 13:08:13 INFO stopped periodic renewal
2024/06/04 13:08:13 INFO context done: stopping periodic renewal
2024/06/04 13:08:13 INFO canceling message context
2024/06/04 13:08:13 INFO stopped periodic renewal
2024/06/04 13:08:13 INFO context done: stopping periodic renewal
2024/06/04 13:08:13 INFO canceling message context
2024/06/04 13:08:13 INFO stopped periodic renewal
2024/06/04 13:08:13 INFO context done: stopping periodic renewal
2024/06/04 13:08:13 INFO canceling message context
2024/06/04 13:08:13 INFO stopped periodic renewal
2024/06/04 13:08:13 INFO context done: stopping periodic renewal
2024/06/04 13:08:13 INFO canceling message context
2024/06/04 13:08:13 INFO stopped periodic renewal
2024/06/04 13:08:13 INFO context done: stopping periodic renewal
2024/06/04 13:08:13 INFO canceling message context
2024/06/04 13:08:13 INFO stopped periodic renewal
2024/06/04 13:08:13 INFO context done: stopping periodic renewal
2024/06/04 13:08:13 INFO canceling message context
2024/06/04 13:08:13 INFO stopped periodic renewal
2024/06/04 13:08:13 INFO context done: stopping periodic renewal
2024/06/04 13:08:13 INFO canceling message context
2024/06/04 13:08:13 INFO stopped periodic renewal
2024/06/04 13:08:13 INFO context done: stopping periodic renewal
2024/06/04 13:08:13 INFO canceling message context
2024/06/04 13:08:13 INFO stopped periodic renewal
2024/06/04 13:08:13 INFO context done: stopping periodic renewal
=== RUN   TestSuite/TestSenderFailOverAndMultiProcessor
2024/06/04 13:08:13 INFO canceling message context
2024/06/04 13:08:13 INFO stopped periodic renewal
2024/06/04 13:08:13 INFO context done: stopping periodic renewal
2024/06/04 13:08:13 INFO canceling message context
2024/06/04 13:08:13 INFO stopped periodic renewal
2024/06/04 13:08:13 INFO context done: stopping periodic renewal
2024/06/04 13:08:13 INFO canceling message context
2024/06/04 13:08:13 INFO stopped periodic renewal
2024/06/04 13:08:13 INFO context done: stopping periodic renewal
2024/06/04 13:08:13 INFO canceling message context
2024/06/04 13:08:13 INFO stopped periodic renewal
2024/06/04 13:08:13 INFO context done: stopping periodic renewal
2024/06/04 13:08:13 INFO canceling message context
2024/06/04 13:08:13 INFO stopped periodic renewal
2024/06/04 13:08:13 INFO context done: stopping periodic renewal
2024/06/04 13:08:13 INFO canceling message context
2024/06/04 13:08:13 INFO stopped periodic renewal
2024/06/04 13:08:13 INFO context done: stopping periodic renewal
2024/06/04 13:08:13 INFO canceling message context
2024/06/04 13:08:13 INFO stopped periodic renewal
2024/06/04 13:08:13 INFO context done: stopping periodic renewal
2024/06/04 13:08:13 INFO canceling message context
2024/06/04 13:08:13 INFO stopped periodic renewal
2024/06/04 13:08:13 INFO context done: stopping periodic renewal
2024/06/04 13:08:13 INFO canceling message context
2024/06/04 13:08:13 INFO stopped periodic renewal
2024/06/04 13:08:13 INFO context done: stopping periodic renewal
2024/06/04 13:08:13 INFO canceling message context
2024/06/04 13:08:13 INFO stopped periodic renewal
2024/06/04 13:08:13 INFO context done: stopping periodic renewal
2024/06/04 13:08:13 INFO canceling message context
2024/06/04 13:08:13 INFO stopped periodic renewal
    suite_test.go:141: topic created: 0x140004a1330
    suite_test.go:141: topic created: 0x14000052090
    suite_test.go:159: subscription created: 0x14000052270
    suite_test.go:159: subscription created: 0x140001a32c0
    e2e_test.go:92: creating receiver...
    e2e_test.go:108: start processor...
2024/06/04 13:08:20 INFO starting processor failover
2024/06/04 13:08:20 INFO starting processor primary
2024/06/04 13:08:20 INFO processor primary received 1 messages - initial
    e2e_test.go:64: Processing message.
         Delivery Count: 1
    e2e_test.go:65: ID: 03e5c42d93354d1b9da70fdf7b8aa53e - Locked Until: 2024-06-04 20:08:30.881 +0000 UTC
    e2e_test.go:66: sleeping...
    e2e_test.go:68: current send count: 1
2024/06/04 13:08:21 INFO processor failover received 1 messages - initial
    e2e_test.go:64: Processing message.
         Delivery Count: 1
    e2e_test.go:65: ID: 524dc29451604cc082fcc424dfd17ed2 - Locked Until: 2024-06-04 20:08:31.663 +0000 UTC
    e2e_test.go:66: sleeping...
    e2e_test.go:68: current send count: 2
2024/06/04 13:08:21 INFO processor primary received 9 messages from processor loop
    e2e_test.go:64: Processing message.
         Delivery Count: 1
    e2e_test.go:64: Processing message.
         Delivery Count: 1
    e2e_test.go:65: ID: 40811aca97174408b14ab567662b3acc - Locked Until: 2024-06-04 20:08:31.928 +0000 UTC
    e2e_test.go:66: sleeping...
    e2e_test.go:68: current send count: 3
    e2e_test.go:64: Processing message.
         Delivery Count: 1
    e2e_test.go:64: Processing message.
         Delivery Count: 1
    e2e_test.go:64: Processing message.
         Delivery Count: 1
    e2e_test.go:65: ID: 83a56439bcd24b58b7f3df8c3af2d883 - Locked Until: 2024-06-04 20:08:31.928 +0000 UTC
    e2e_test.go:66: sleeping...
    e2e_test.go:68: current send count: 4
    e2e_test.go:65: ID: ac30cd79935746ad87ea1cbd7175dc30 - Locked Until: 2024-06-04 20:08:31.928 +0000 UTC
    e2e_test.go:66: sleeping...
    e2e_test.go:64: Processing message.
         Delivery Count: 1
    e2e_test.go:64: Processing message.
         Delivery Count: 1
    e2e_test.go:68: current send count: 5
    e2e_test.go:65: ID: f96dde89e24e44349dafad3ba001e7bb - Locked Until: 2024-06-04 20:08:31.928 +0000 UTC
    e2e_test.go:66: sleeping...
    e2e_test.go:68: current send count: 6
    e2e_test.go:64: Processing message.
         Delivery Count: 1
    e2e_test.go:65: ID: 077db80ec31849018790aa153483a7ce - Locked Until: 2024-06-04 20:08:31.928 +0000 UTC
    e2e_test.go:66: sleeping...
    e2e_test.go:68: current send count: 7
    e2e_test.go:65: ID: 6f0338adc92d48798ee12d4d3b56f1df - Locked Until: 2024-06-04 20:08:31.928 +0000 UTC
    e2e_test.go:66: sleeping...
    e2e_test.go:68: current send count: 8
    e2e_test.go:64: Processing message.
         Delivery Count: 1
    e2e_test.go:65: ID: c999b42070d74f818f2dc47e483e09f1 - Locked Until: 2024-06-04 20:08:31.928 +0000 UTC
    e2e_test.go:66: sleeping...
    e2e_test.go:68: current send count: 9
    e2e_test.go:65: ID: ead15e82908743f68741455bc7685bfb - Locked Until: 2024-06-04 20:08:31.928 +0000 UTC
    e2e_test.go:66: sleeping...
    e2e_test.go:68: current send count: 10
    e2e_test.go:65: ID: 3b7d2cc13921467dba042ef3974efb51 - Locked Until: 2024-06-04 20:08:31.928 +0000 UTC
    e2e_test.go:66: sleeping...
    e2e_test.go:68: current send count: 11
2024/06/04 13:08:22 INFO processor failover received 9 messages from processor loop
    e2e_test.go:64: Processing message.
         Delivery Count: 1
    e2e_test.go:65: ID: 93d259bc8ed24e65a1dbe5f0fef0d287 - Locked Until: 2024-06-04 20:08:32.709 +0000 UTC
    e2e_test.go:66: sleeping...
    e2e_test.go:68: current send count: 12
    e2e_test.go:64: Processing message.
         Delivery Count: 1
    e2e_test.go:65: ID: 41f61df073334d889bb5c5d46d2561ae - Locked Until: 2024-06-04 20:08:32.709 +0000 UTC
    e2e_test.go:66: sleeping...
    e2e_test.go:68: current send count: 13
    e2e_test.go:64: Processing message.
         Delivery Count: 1
    e2e_test.go:65: ID: 5eeb12073da84cec81f10afec6ebd712 - Locked Until: 2024-06-04 20:08:32.709 +0000 UTC
    e2e_test.go:66: sleeping...
    e2e_test.go:68: current send count: 14
    e2e_test.go:64: Processing message.
         Delivery Count: 1
    e2e_test.go:65: ID: cafac43cb0f6430a9af076ce25dc0624 - Locked Until: 2024-06-04 20:08:32.709 +0000 UTC
    e2e_test.go:66: sleeping...
    e2e_test.go:68: current send count: 15
    e2e_test.go:64: Processing message.
         Delivery Count: 1
    e2e_test.go:65: ID: 7114495fe867426a95c3aabababdafbe - Locked Until: 2024-06-04 20:08:32.709 +0000 UTC
    e2e_test.go:66: sleeping...
    e2e_test.go:68: current send count: 16
    e2e_test.go:64: Processing message.
         Delivery Count: 1
    e2e_test.go:65: ID: feeb06eb2999473aaa413018ec06c45f - Locked Until: 2024-06-04 20:08:32.709 +0000 UTC
    e2e_test.go:66: sleeping...
    e2e_test.go:68: current send count: 17
    e2e_test.go:64: Processing message.
         Delivery Count: 1
    e2e_test.go:65: ID: 4a82dfa0146f4861811f410d042831c8 - Locked Until: 2024-06-04 20:08:32.709 +0000 UTC
    e2e_test.go:66: sleeping...
    e2e_test.go:68: current send count: 18
    e2e_test.go:64: Processing message.
         Delivery Count: 1
    e2e_test.go:65: ID: 2483b29da61544399c3288edc946c654 - Locked Until: 2024-06-04 20:08:32.709 +0000 UTC
    e2e_test.go:66: sleeping...
    e2e_test.go:68: current send count: 19
    e2e_test.go:64: Processing message.
         Delivery Count: 1
    e2e_test.go:65: ID: 9a55f401e3cf45a8bc7ec7d231a9c3f0 - Locked Until: 2024-06-04 20:08:32.709 +0000 UTC
    e2e_test.go:66: sleeping...
    e2e_test.go:68: current send count: 20
2024/06/04 13:08:22 INFO renewing lock
2024/06/04 13:08:23 INFO renewing lock
2024/06/04 13:08:23 INFO renewing lock
2024/06/04 13:08:23 INFO renewing lock
2024/06/04 13:08:23 INFO renewing lock
2024/06/04 13:08:23 INFO renewing lock
2024/06/04 13:08:23 INFO renewing lock
2024/06/04 13:08:23 INFO renewing lock
2024/06/04 13:08:23 INFO renewing lock
2024/06/04 13:08:23 INFO renewing lock
2024/06/04 13:08:23 INFO renewing lock
2024/06/04 13:08:24 INFO renewing lock
2024/06/04 13:08:24 INFO renewing lock
2024/06/04 13:08:24 INFO renewing lock
2024/06/04 13:08:24 INFO renewing lock
2024/06/04 13:08:24 INFO renewing lock
2024/06/04 13:08:24 INFO renewing lock
2024/06/04 13:08:24 INFO renewing lock
2024/06/04 13:08:24 INFO renewing lock
2024/06/04 13:08:24 INFO renewing lock
2024/06/04 13:08:24 INFO renewing lock
2024/06/04 13:08:25 INFO renewing lock
2024/06/04 13:08:25 INFO renewing lock
2024/06/04 13:08:25 INFO renewing lock
2024/06/04 13:08:25 INFO renewing lock
2024/06/04 13:08:25 INFO renewing lock
2024/06/04 13:08:25 INFO renewing lock
2024/06/04 13:08:25 INFO renewing lock
2024/06/04 13:08:25 INFO renewing lock
2024/06/04 13:08:25 INFO renewing lock
2024/06/04 13:08:25 INFO renewing lock
2024/06/04 13:08:26 INFO renewing lock
2024/06/04 13:08:26 INFO renewing lock
2024/06/04 13:08:26 INFO renewing lock
2024/06/04 13:08:26 INFO renewing lock
2024/06/04 13:08:26 INFO renewing lock
2024/06/04 13:08:26 INFO renewing lock
2024/06/04 13:08:26 INFO renewing lock
2024/06/04 13:08:26 INFO renewing lock
2024/06/04 13:08:26 INFO renewing lock
2024/06/04 13:08:26 INFO renewing lock
2024/06/04 13:08:27 INFO renewing lock
2024/06/04 13:08:27 INFO renewing lock
2024/06/04 13:08:27 INFO renewing lock
2024/06/04 13:08:27 INFO renewing lock
2024/06/04 13:08:27 INFO renewing lock
2024/06/04 13:08:27 INFO renewing lock
2024/06/04 13:08:27 INFO renewing lock
2024/06/04 13:08:27 INFO renewing lock
2024/06/04 13:08:27 INFO renewing lock
2024/06/04 13:08:27 INFO renewing lock
2024/06/04 13:08:28 INFO renewing lock
2024/06/04 13:08:28 INFO renewing lock
2024/06/04 13:08:28 INFO renewing lock
2024/06/04 13:08:28 INFO renewing lock
2024/06/04 13:08:28 INFO renewing lock
2024/06/04 13:08:28 INFO renewing lock
2024/06/04 13:08:28 INFO renewing lock
2024/06/04 13:08:28 INFO renewing lock
2024/06/04 13:08:28 INFO renewing lock
2024/06/04 13:08:28 INFO renewing lock
2024/06/04 13:08:29 INFO renewing lock
2024/06/04 13:08:29 INFO renewing lock
2024/06/04 13:08:29 INFO renewing lock
2024/06/04 13:08:29 INFO renewing lock
2024/06/04 13:08:29 INFO renewing lock
2024/06/04 13:08:29 INFO renewing lock
2024/06/04 13:08:29 INFO renewing lock
2024/06/04 13:08:29 INFO renewing lock
2024/06/04 13:08:29 INFO renewing lock
2024/06/04 13:08:29 INFO renewing lock
2024/06/04 13:08:30 INFO renewing lock
2024/06/04 13:08:30 INFO renewing lock
2024/06/04 13:08:30 INFO renewing lock
2024/06/04 13:08:30 INFO renewing lock
2024/06/04 13:08:30 INFO renewing lock
2024/06/04 13:08:30 INFO renewing lock
2024/06/04 13:08:30 INFO renewing lock
2024/06/04 13:08:30 INFO renewing lock
2024/06/04 13:08:30 INFO renewing lock
    e2e_test.go:73: completing message...
--- PASS: TestSuite/TestSenderFailOverAndMultiProcessor (16.94s)
    suite_test.go:171: tearing down suite
2024/06/04 13:08:30 INFO context done: stopping periodic renewal
2024/06/04 13:08:30 INFO canceling message context
2024/06/04 13:08:30 INFO stopped periodic renewal
2024/06/04 13:08:30 INFO context done, stop receiving from processor failover
2024/06/04 13:08:30 INFO exiting processor failover
2024/06/04 13:08:30 ERROR processor failover start attempt 0 failed: processor failover stopped: context canceled
2024/06/04 13:08:30 INFO context done, stop receiving from processor primary
2024/06/04 13:08:30 INFO exiting processor primary
2024/06/04 13:08:30 ERROR processor primary start attempt 0 failed: processor primary stopped: context canceled
2024/06/04 13:08:30 INFO context done: stopping periodic renewal
2024/06/04 13:08:30 INFO canceling message context
2024/06/04 13:08:30 INFO stopped periodic renewal
2024/06/04 13:08:30 INFO context done: stopping periodic renewal
2024/06/04 13:08:30 INFO context done: stopping periodic renewal
2024/06/04 13:08:30 INFO context done: stopping periodic renewal
2024/06/04 13:08:30 INFO canceling message context
2024/06/04 13:08:30 INFO context done: stopping periodic renewal
2024/06/04 13:08:30 INFO canceling message context
2024/06/04 13:08:30 INFO context done: stopping periodic renewal
2024/06/04 13:08:30 INFO stopped periodic renewal
2024/06/04 13:08:30 INFO canceling message context
2024/06/04 13:08:30 INFO context done: stopping periodic renewal
2024/06/04 13:08:30 INFO canceling message context
2024/06/04 13:08:30 INFO stopped periodic renewal
2024/06/04 13:08:30 INFO context done: stopping periodic renewal
2024/06/04 13:08:30 INFO context done: stopping periodic renewal
2024/06/04 13:08:30 INFO canceling message context
2024/06/04 13:08:30 INFO context done: stopping periodic renewal
2024/06/04 13:08:30 INFO stopped periodic renewal
2024/06/04 13:08:30 INFO canceling message context
2024/06/04 13:08:30 INFO stopped periodic renewal
2024/06/04 13:08:30 INFO canceling message context
2024/06/04 13:08:30 INFO stopped periodic renewal
2024/06/04 13:08:30 INFO stopped periodic renewal
2024/06/04 13:08:30 INFO canceling message context
2024/06/04 13:08:30 INFO context done: stopping periodic renewal
2024/06/04 13:08:30 INFO context done: stopping periodic renewal
2024/06/04 13:08:30 INFO context done: stopping periodic renewal
2024/06/04 13:08:30 INFO canceling message context
2024/06/04 13:08:30 INFO stopped periodic renewal
2024/06/04 13:08:30 INFO context done: stopping periodic renewal
2024/06/04 13:08:30 INFO context done: stopping periodic renewal
2024/06/04 13:08:30 INFO canceling message context
2024/06/04 13:08:30 INFO canceling message context
2024/06/04 13:08:30 INFO stopped periodic renewal
2024/06/04 13:08:30 INFO stopped periodic renewal
2024/06/04 13:08:30 INFO canceling message context
2024/06/04 13:08:30 INFO context done: stopping periodic renewal
2024/06/04 13:08:30 INFO canceling message context
2024/06/04 13:08:30 INFO stopped periodic renewal
2024/06/04 13:08:30 INFO canceling message context
2024/06/04 13:08:30 INFO stopped periodic renewal
2024/06/04 13:08:30 INFO context done: stopping periodic renewal
2024/06/04 13:08:30 INFO canceling message context
2024/06/04 13:08:30 INFO stopped periodic renewal
2024/06/04 13:08:30 INFO stopped periodic renewal
2024/06/04 13:08:30 INFO context done: stopping periodic renewal
2024/06/04 13:08:30 INFO canceling message context
2024/06/04 13:08:30 INFO stopped periodic renewal
2024/06/04 13:08:30 ERROR complete settlement failed: context canceled
2024/06/04 13:08:30 INFO canceling message context
2024/06/04 13:08:30 INFO stopped periodic renewal
2024/06/04 13:08:30 INFO stopped periodic renewal
2024/06/04 13:08:30 INFO stopped periodic renewal
2024/06/04 13:08:30 INFO context done: stopping periodic renewal
2024/06/04 13:08:30 INFO canceling message context
2024/06/04 13:08:30 INFO stopped periodic renewal
2024/06/04 13:08:30 INFO canceling message context
2024/06/04 13:08:30 INFO stopped periodic renewal
    suite_test.go:173: deleting lock-renewal-topic: <nil>
    suite_test.go:175: deleting primary failover-topic: <nil>
    suite_test.go:177: deleting backup failover-topic: <nil>
--- PASS: TestSuite (32.63s)
    e2e_test.go:38: processor exited: processor receiver stopped: context canceled
    e2e_test.go:110: processor exited: processor failover stopped: context canceled
        processor primary stopped: context canceled
PASS
ok  	e2e	32.967s

DONE 3 tests in 35.105s
